#
# There is insufficient memory for the Java Runtime Environment to continue.
# Native memory allocation (malloc) failed to allocate 1048576 bytes for AllocateHeap
# Possible reasons:
#   The system is out of physical RAM or swap space
#   In 32 bit mode, the process size limit was hit
# Possible solutions:
#   Reduce memory load on the system
#   Increase physical memory or swap space
#   Check if swap backing store is full
#   Use 64 bit Java on a 64 bit OS
#   Decrease Java heap size (-Xmx/-Xms)
#   Decrease number of Java threads
#   Decrease Java thread stack sizes (-Xss)
#   Set larger code cache with -XX:ReservedCodeCacheSize=
# This output file may be truncated or incomplete.
#
#  Out of Memory Error (memory/allocation.inline.hpp:61), pid=23304, tid=0x0000000000005b2c
#
# JRE version:  (8.0_191-b12) (build )
# Java VM: Java HotSpot(TM) 64-Bit Server VM (25.191-b12 mixed mode windows-amd64 compressed oops)
# Failed to write core dump. Minidumps are not enabled by default on client versions of Windows
#

---------------  T H R E A D  ---------------

Current thread (0x000000000338e000):  JavaThread "Unknown thread" [_thread_in_vm, id=23340, stack(0x0000000003090000,0x0000000003190000)]

Stack: [0x0000000003090000,0x0000000003190000]
[error occurred during error reporting (printing stack bounds), id 0xc0000005]

Native frames: (J=compiled Java code, j=interpreted, Vv=VM code, C=native code)


---------------  P R O C E S S  ---------------

Java Threads: ( => current thread )

Other Threads:

=>0x000000000338e000 (exited) JavaThread "Unknown thread" [_thread_in_vm, id=23340, stack(0x0000000003090000,0x0000000003190000)]

VM state:not at safepoint (normal execution)

VM Mutex/Monitor currently owned by a thread: None

Heap:
 PSYoungGen      total 38400K, used 665K [0x00000000d5f80000, 0x00000000d8a00000, 0x0000000100000000)
  eden space 33280K, 2% used [0x00000000d5f80000,0x00000000d6026670,0x00000000d8000000)
  from space 5120K, 0% used [0x00000000d8500000,0x00000000d8500000,0x00000000d8a00000)
  to   space 5120K, 0% used [0x00000000d8000000,0x00000000d8000000,0x00000000d8500000)
 ParOldGen       total 87552K, used 0K [0x0000000081e00000, 0x0000000087380000, 0x00000000d5f80000)
  object space 87552K, 0% used [0x0000000081e00000,0x0000000081e00000,0x0000000087380000)
 Metaspace       used 751K, capacity 4480K, committed 4480K, reserved 1056768K
  class space    used 76K, capacity 384K, committed 384K, reserved 1048576K

Card table byte_map: [0x0000000012750000,0x0000000012b50000] byte_map_base: 0x0000000012341000

Marking Bits: (ParMarkBitMap*) 0x0000000061513e30
 Begin Bits: [0x0000000013600000, 0x0000000015588000)
 End Bits:   [0x0000000015588000, 0x0000000017510000)

Polling page: 0x00000000014a0000

CodeCache: size=245760Kb used=328Kb max_used=328Kb free=245431Kb
 bounds [0x0000000003390000, 0x0000000003600000, 0x0000000012390000]
 total_blobs=58 nmethods=0 adapters=38
 compilation: enabled

Compilation events (0 events):
No events

GC Heap History (0 events):
No events

Deoptimization events (0 events):
No events

Classes redefined (0 events):
No events

Internal exceptions (0 events):
No events

Events (10 events):
Event: 0.025 loading class java/lang/Short
Event: 0.025 loading class java/lang/Short done
Event: 0.025 loading class java/lang/Integer
Event: 0.025 loading class java/lang/Integer done
Event: 0.025 loading class java/lang/Long
Event: 0.025 loading class java/lang/Long done
Event: 0.025 loading class java/lang/NullPointerException
Event: 0.025 loading class java/lang/NullPointerException done
Event: 0.025 loading class java/lang/ArithmeticException
Event: 0.025 loading class java/lang/ArithmeticException done


Dynamic libraries:
0x00007ff61bcf0000 - 0x00007ff61bd27000 	F:\Program Files\Java\jre1.8.0_191\bin\javaw.exe
0x00007ff84c7d0000 - 0x00007ff84c9b1000 	C:\WINDOWS\SYSTEM32\ntdll.dll
0x00007ff84a880000 - 0x00007ff84a932000 	C:\WINDOWS\System32\KERNEL32.DLL
0x00007ff849400000 - 0x00007ff849673000 	C:\WINDOWS\System32\KERNELBASE.dll
0x00007ff84c2c0000 - 0x00007ff84c361000 	C:\WINDOWS\System32\ADVAPI32.dll
0x00007ff84c700000 - 0x00007ff84c79e000 	C:\WINDOWS\System32\msvcrt.dll
0x00007ff84c3d0000 - 0x00007ff84c42b000 	C:\WINDOWS\System32\sechost.dll
0x00007ff84ab40000 - 0x00007ff84ac64000 	C:\WINDOWS\System32\RPCRT4.dll
0x00007ff84c490000 - 0x00007ff84c620000 	C:\WINDOWS\System32\USER32.dll
0x00007ff8498d0000 - 0x00007ff8498f0000 	C:\WINDOWS\System32\win32u.dll
0x00007ff84a410000 - 0x00007ff84a438000 	C:\WINDOWS\System32\GDI32.dll
0x00007ff849a20000 - 0x00007ff849bb2000 	C:\WINDOWS\System32\gdi32full.dll
0x00007ff849bc0000 - 0x00007ff849c5f000 	C:\WINDOWS\System32\msvcp_win.dll
0x00007ff849300000 - 0x00007ff8493f8000 	C:\WINDOWS\System32\ucrtbase.dll
0x00007ff83ae20000 - 0x00007ff83b089000 	C:\WINDOWS\WinSxS\amd64_microsoft.windows.common-controls_6595b64144ccf1df_6.0.17134.648_none_fb45a0e93062a6d2\COMCTL32.dll
0x00007ff849c60000 - 0x00007ff849f82000 	C:\WINDOWS\System32\combase.dll
0x00007ff8498f0000 - 0x00007ff84996a000 	C:\WINDOWS\System32\bcryptPrimitives.dll
0x00007ff84a3e0000 - 0x00007ff84a40d000 	C:\WINDOWS\System32\IMM32.DLL
0x0000000061690000 - 0x0000000061762000 	F:\Program Files\Java\jre1.8.0_191\bin\msvcr100.dll
0x0000000060cf0000 - 0x0000000061594000 	F:\Program Files\Java\jre1.8.0_191\bin\server\jvm.dll
0x00007ff84ac70000 - 0x00007ff84ac78000 	C:\WINDOWS\System32\PSAPI.DLL
0x00007ff83bcd0000 - 0x00007ff83bcd9000 	C:\WINDOWS\SYSTEM32\WSOCK32.dll
0x00007ff843940000 - 0x00007ff84394a000 	C:\WINDOWS\SYSTEM32\VERSION.dll
0x00007ff83dfe0000 - 0x00007ff83e003000 	C:\WINDOWS\SYSTEM32\WINMM.dll
0x00007ff84adf0000 - 0x00007ff84ae5c000 	C:\WINDOWS\System32\WS2_32.dll
0x00007ff83dfb0000 - 0x00007ff83dfda000 	C:\WINDOWS\SYSTEM32\WINMMBASE.dll
0x00007ff8492b0000 - 0x00007ff8492f9000 	C:\WINDOWS\System32\cfgmgr32.dll
0x0000000060c00000 - 0x0000000060c0f000 	F:\Program Files\Java\jre1.8.0_191\bin\verify.dll
0x0000000060bd0000 - 0x0000000060bf9000 	F:\Program Files\Java\jre1.8.0_191\bin\java.dll
0x0000000060bb0000 - 0x0000000060bc6000 	F:\Program Files\Java\jre1.8.0_191\bin\zip.dll

VM Arguments:
jvm_args: -Dfile.encoding=Cp1252 
java_command: Services.Programme
java_class_path (initial): F:\programmation\Programmation JAVA\fixit-java\bin;C:\Users\Yassine\.p2\pool\plugins\org.eclipse.fx.ide.css.jfx8_3.3.0.201809010700.jar;F:\programmation\Programmation JAVA\fixit-java\lib\jfxrt.jar;F:\programmation\Programmation JAVA\fixit-java\lib\mysql-connector-java-8.0.15.jar
Launcher Type: SUN_STANDARD

Environment Variables:
PATH=F:/Program Files/Java/jre1.8.0_191/bin/server;F:/Program Files/Java/jre1.8.0_191/bin;F:/Program Files/Java/jre1.8.0_191/lib/amd64;F:\oracleexe\app\oracle\product\11.2.0\server\bin;C:\Program Files (x86)\Common Files\Oracle\Java\javapath;C:\Windows\system32;C:\Windows;C:\Windows\System32\Wbem;C:\Windows\System32\WindowsPowerShell\v1.0\;C:\Program Files (x86)\NVIDIA Corporation\PhysX\Common;F:\Program Files\NVIDIA Corporation\NVIDIA NvDLISR;C:\WINDOWS\system32;C:\WINDOWS;C:\WINDOWS\System32\Wbem;C:\WINDOWS\System32\WindowsPowerShell\v1.0\;C:\WINDOWS\System32\OpenSSH\;F:\Program Files\Git\cmd;C:\Program Files\PuTTY\;C:\Program Files\Intel\WiFi\bin\;C:\Program Files\Common Files\Intel\WirelessCommon\;C:\Users\Yassine\AppData\Local\Microsoft\WindowsApps;C:\Program Files\Intel\WiFi\bin\;C:\Program Files\Common Files\Intel\WirelessCommon\;F:\wamp64\bin\php\php7.2.10;C:\Users\Yassine\AppData\Local\GitHubDesktop\bin;C:\SysGCC\raspberry\bin;C:\WINDOWS\system32;
USERNAME=Yassine
OS=Windows_NT
PROCESSOR_IDENTIFIER=Intel64 Family 6 Model 158 Stepping 9, GenuineIntel



---------------  S Y S T E M  ---------------

OS: Windows 10.0 , 64 bit Build 17134 (10.0.17134.648)

CPU:total 8 (initial active 8) (4 cores per cpu, 2 threads per core) family 6 model 158 stepping 9, cmov, cx8, fxsr, mmx, sse, sse2, sse3, ssse3, sse4.1, sse4.2, popcnt, avx, avx2, aes, clmul, erms, 3dnowpref, lzcnt, ht, tsc, tscinvbit, bmi1, bmi2, adx

Memory: 4k page, physical 8265060k(2418252k free), swap 19455840k(5652k free)

vm_info: Java HotSpot(TM) 64-Bit Server VM (25.191-b12) for windows-amd64 JRE (1.8.0_191-b12), built on Oct  6 2018 09:29:03 by "java_re" with MS VC++ 10.0 (VS2010)

time: Thu Mar 28 13:39:47 2019
elapsed time: 0 seconds (0d 0h 0m 0s)

